[ 2018-11-05T16:47:03+08:00 ] 127.0.0.1 /city/baidulocation/
INFO: [ app_begin ] --START--
INFO: Run Behavior\ReadHtmlCacheBehavior [ RunTime:0.000801s ]
INFO: [ app_begin ] --END-- [ RunTime:0.001482s ]
NOTIC: [8] Undefined index: LOCAL_ADDR E:\newwamp\www\qzwww\Application\Common\Common\function.php 第 1086 行.
NOTIC: [8] Undefined index: LOCAL_PORT E:\newwamp\www\qzwww\Application\Common\Common\function.php 第 1087 行.
NOTIC: [2] mt_rand(): max(0) is smaller than min(1) E:\newwamp\www\qzwww\Core2015\Library\Think\Db\Driver.class.php 第 1106 行.
SQL: SHOW COLUMNS FROM `qz_user` [ RunTime:0.0030s ]
NOTIC: [2] mt_rand(): max(0) is smaller than min(1) E:\newwamp\www\qzwww\Core2015\Library\Think\Db\Driver.class.php 第 1106 行.
SQL: SELECT COUNT(*) AS tp_count FROM qz_user a LEFT JOIN qz_user_company as b on b.userid = a.id  WHERE a.cs = '320500' AND a.on = 2 AND b.fake = 0 LIMIT 1   [ RunTime:0.0173s ]
NOTIC: [2] mt_rand(): max(0) is smaller than min(1) E:\newwamp\www\qzwww\Core2015\Library\Think\Db\Driver.class.php 第 1106 行.
SQL: SHOW COLUMNS FROM `qz_adv_banner` [ RunTime:0.0024s ]
NOTIC: [2] mt_rand(): max(0) is smaller than min(1) E:\newwamp\www\qzwww\Core2015\Library\Think\Db\Driver.class.php 第 1106 行.
NOTIC: [2] mt_rand(): max(0) is smaller than min(1) E:\newwamp\www\qzwww\Core2015\Library\Think\Db\Driver.class.php 第 1106 行.
SQL: SELECT a.*,b.bm,c.jc FROM ( SELECT * FROM `qz_adv_banner` WHERE `status` = 1 AND `module` = 'home_topbanner' AND `start_time` <= 1541407622 AND `end_time` >= 1541407622 AND `city_id` = '320500' ORDER BY id desc  ) a LEFT JOIN qz_user as c on a.company_id = c.id LEFT JOIN qz_quyu as b on c.cs = b.cid  LIMIT 1   [ RunTime:0.0054s ]
NOTIC: [2] mt_rand(): max(0) is smaller than min(1) E:\newwamp\www\qzwww\Core2015\Library\Think\Db\Driver.class.php 第 1106 行.
NOTIC: [2] mt_rand(): max(0) is smaller than min(1) E:\newwamp\www\qzwww\Core2015\Library\Think\Db\Driver.class.php 第 1106 行.
SQL: SELECT a.*,b.bm,c.jc FROM ( SELECT * FROM `qz_adv_banner` WHERE `status` = 1 AND `module` = 'home_topbanner' AND `start_time` <= 1541407622 AND `end_time` >= 1541407622 AND `city_id` = '000001' ORDER BY id desc  ) a LEFT JOIN qz_user as c on a.company_id = c.id LEFT JOIN qz_quyu as b on c.cs = b.cid  LIMIT 1   [ RunTime:0.0035s ]
NOTIC: [2] mt_rand(): max(0) is smaller than min(1) E:\newwamp\www\qzwww\Core2015\Library\Think\Db\Driver.class.php 第 1106 行.
NOTIC: [2] mt_rand(): max(0) is smaller than min(1) E:\newwamp\www\qzwww\Core2015\Library\Think\Db\Driver.class.php 第 1106 行.
SQL: SELECT a.*,b.bm,c.jc FROM ( SELECT * FROM `qz_adv_banner` WHERE `status` = 1 AND `module` = 'home_topbanner' AND `start_time` <= 1541407622 AND `end_time` >= 1541407622 AND `city_id` = '0' ORDER BY id desc  ) a LEFT JOIN qz_user as c on a.company_id = c.id LEFT JOIN qz_quyu as b on c.cs = b.cid  LIMIT 1   [ RunTime:0.0036s ]
NOTIC: [2] mt_rand(): max(0) is smaller than min(1) E:\newwamp\www\qzwww\Core2015\Library\Think\Db\Driver.class.php 第 1106 行.
SQL: SHOW COLUMNS FROM `qz_options` [ RunTime:0.0023s ]
NOTIC: [2] mt_rand(): max(0) is smaller than min(1) E:\newwamp\www\qzwww\Core2015\Library\Think\Db\Driver.class.php 第 1106 行.
SQL: SELECT `option_name`,`option_value`,`option_group`,`autoload` FROM `qz_options` WHERE `option_name` = 'baidumap_ak_8643138' LIMIT 1   [ RunTime:0.0014s ]
NOTIC: [2] mt_rand(): max(0) is smaller than min(1) E:\newwamp\www\qzwww\Core2015\Library\Think\Db\Driver.class.php 第 1106 行.
SQL: SELECT `option_name`,`option_value`,`option_group`,`autoload` FROM `qz_options` WHERE `option_name` = 'baidumap_sk_8643138' LIMIT 1   [ RunTime:0.0008s ]
NOTIC: [2] mt_rand(): max(0) is smaller than min(1) E:\newwamp\www\qzwww\Core2015\Library\Think\Db\Driver.class.php 第 1106 行.
SQL: SHOW COLUMNS FROM `qz_quyu` [ RunTime:0.0034s ]
NOTIC: [2] mt_rand(): max(0) is smaller than min(1) E:\newwamp\www\qzwww\Core2015\Library\Think\Db\Driver.class.php 第 1106 行.
SQL: SELECT a.*,b.qz_province as province FROM qz_quyu a join qz_province b on a.uid = b.qz_provinceid  WHERE a.cname LIKE '%苏州%' LIMIT 1   [ RunTime:0.0023s ]

